This is pdfTeX, Version 3.1415926-1.40.10 (TeX Live 2009/Debian) (format=pdflatex 2012.10.13)  26 FEB 2014 20:36
entering extended mode
 %&-line parsing enabled.
**some_simple_algorithms_for_detecting_anomalous_bright_pixels.tex
(./some_simple_algorithms_for_detecting_anomalous_bright_pixels.tex
LaTeX2e <2009/09/24>
Babel <v3.8l> and hyphenation patterns for english, usenglishmax, dumylang, noh
yphenation, loaded.
(/usr/share/texmf-texlive/tex/latex/base/article.cls
Document Class: article 2007/10/19 v1.4h Standard LaTeX document class
(/usr/share/texmf-texlive/tex/latex/base/size12.clo
File: size12.clo 2007/10/19 v1.4h Standard LaTeX file (size option)
)
\c@part=\count79
\c@section=\count80
\c@subsection=\count81
\c@subsubsection=\count82
\c@paragraph=\count83
\c@subparagraph=\count84
\c@figure=\count85
\c@table=\count86
\abovecaptionskip=\skip41
\belowcaptionskip=\skip42
\bibindent=\dimen102
)
(/usr/share/texmf-texlive/tex/generic/babel/babel.sty
Package: babel 2008/07/06 v3.8l The Babel package

(/usr/share/texmf-texlive/tex/generic/babel/english.ldf
Language: english 2005/03/30 v3.3o English support from the babel system

(/usr/share/texmf-texlive/tex/generic/babel/babel.def
File: babel.def 2008/07/06 v3.8l Babel common definitions
\babel@savecnt=\count87
\U@D=\dimen103
)
\l@british = a dialect from \language\l@english 
\l@UKenglish = a dialect from \language\l@english 
\l@canadian = a dialect from \language\l@american 
\l@australian = a dialect from \language\l@british 
\l@newzealand = a dialect from \language\l@british 
))
(/usr/share/texmf-texlive/tex/latex/graphics/graphicx.sty
Package: graphicx 1999/02/16 v1.0f Enhanced LaTeX Graphics (DPC,SPQR)

(/usr/share/texmf-texlive/tex/latex/graphics/keyval.sty
Package: keyval 1999/03/16 v1.13 key=value parser (DPC)
\KV@toks@=\toks14
)
(/usr/share/texmf-texlive/tex/latex/graphics/graphics.sty
Package: graphics 2009/02/05 v1.0o Standard LaTeX Graphics (DPC,SPQR)

(/usr/share/texmf-texlive/tex/latex/graphics/trig.sty
Package: trig 1999/03/16 v1.09 sin cos tan (DPC)
)
(/etc/texmf/tex/latex/config/graphics.cfg
File: graphics.cfg 2009/08/28 v1.8 graphics configuration of TeX Live
)
Package graphics Info: Driver file: pdftex.def on input line 91.

(/usr/share/texmf-texlive/tex/latex/pdftex-def/pdftex.def
File: pdftex.def 2010/03/12 v0.04p Graphics/color for pdfTeX
\Gread@gobject=\count88
))
\Gin@req@height=\dimen104
\Gin@req@width=\dimen105
)
(/usr/share/texmf-texlive/tex/latex/amsmath/amsmath.sty
Package: amsmath 2000/07/18 v2.13 AMS math features
\@mathmargin=\skip43

For additional information on amsmath, use the `?' option.
(/usr/share/texmf-texlive/tex/latex/amsmath/amstext.sty
Package: amstext 2000/06/29 v2.01

(/usr/share/texmf-texlive/tex/latex/amsmath/amsgen.sty
File: amsgen.sty 1999/11/30 v2.0
\@emptytoks=\toks15
\ex@=\dimen106
))
(/usr/share/texmf-texlive/tex/latex/amsmath/amsbsy.sty
Package: amsbsy 1999/11/29 v1.2d
\pmbraise@=\dimen107
)
(/usr/share/texmf-texlive/tex/latex/amsmath/amsopn.sty
Package: amsopn 1999/12/14 v2.01 operator names
)
\inf@bad=\count89
LaTeX Info: Redefining \frac on input line 211.
\uproot@=\count90
\leftroot@=\count91
LaTeX Info: Redefining \overline on input line 307.
\classnum@=\count92
\DOTSCASE@=\count93
LaTeX Info: Redefining \ldots on input line 379.
LaTeX Info: Redefining \dots on input line 382.
LaTeX Info: Redefining \cdots on input line 467.
\Mathstrutbox@=\box26
\strutbox@=\box27
\big@size=\dimen108
LaTeX Font Info:    Redeclaring font encoding OML on input line 567.
LaTeX Font Info:    Redeclaring font encoding OMS on input line 568.
\macc@depth=\count94
\c@MaxMatrixCols=\count95
\dotsspace@=\muskip10
\c@parentequation=\count96
\dspbrk@lvl=\count97
\tag@help=\toks16
\row@=\count98
\column@=\count99
\maxfields@=\count100
\andhelp@=\toks17
\eqnshift@=\dimen109
\alignsep@=\dimen110
\tagshift@=\dimen111
\tagwidth@=\dimen112
\totwidth@=\dimen113
\lineht@=\dimen114
\@envbody=\toks18
\multlinegap=\skip44
\multlinetaggap=\skip45
\mathdisplay@stack=\toks19
LaTeX Info: Redefining \[ on input line 2666.
LaTeX Info: Redefining \] on input line 2667.
)
(./some_simple_algorithms_for_detecting_anomalous_bright_pixels.aux)
\openout1 = `some_simple_algorithms_for_detecting_anomalous_bright_pixels.aux'.

LaTeX Font Info:    Checking defaults for OML/cmm/m/it on input line 11.
LaTeX Font Info:    ... okay on input line 11.
LaTeX Font Info:    Checking defaults for T1/cmr/m/n on input line 11.
LaTeX Font Info:    ... okay on input line 11.
LaTeX Font Info:    Checking defaults for OT1/cmr/m/n on input line 11.
LaTeX Font Info:    ... okay on input line 11.
LaTeX Font Info:    Checking defaults for OMS/cmsy/m/n on input line 11.
LaTeX Font Info:    ... okay on input line 11.
LaTeX Font Info:    Checking defaults for OMX/cmex/m/n on input line 11.
LaTeX Font Info:    ... okay on input line 11.
LaTeX Font Info:    Checking defaults for U/cmr/m/n on input line 11.
LaTeX Font Info:    ... okay on input line 11.

(/usr/share/texmf-texlive/tex/context/base/supp-pdf.mkii
[Loading MPS to PDF converter (version 2006.09.02).]
\scratchcounter=\count101
\scratchdimen=\dimen115
\scratchbox=\box28
\nofMPsegments=\count102
\nofMParguments=\count103
\everyMPshowfont=\toks20
\MPscratchCnt=\count104
\MPscratchDim=\dimen116
\MPnumerator=\count105
\everyMPtoPDFconversion=\toks21
) [1

{/var/lib/texmf/fonts/map/pdftex/updmap/pdftex.map}]
<bella.png, id=17, 758.835pt x 533.995pt>
File: bella.png Graphic file (type png)
 <use bella.png> [2 <./bella.png>]
Underfull \hbox (badness 10000) in paragraph at lines 75--77

 []

<20140206.png, id=24, 426.75435pt x 284.5029pt>
File: 20140206.png Graphic file (type png)
 <use 20140206.png>
Overfull \hbox (36.75331pt too wide) in paragraph at lines 113--114
 [][] 
 []


LaTeX Warning: `!h' float specifier changed to `!ht'.

<20140207.png, id=25, 426.75435pt x 284.5029pt>
File: 20140207.png Graphic file (type png)
 <use 20140207.png>
Overfull \hbox (36.75331pt too wide) in paragraph at lines 119--120
 [][] 
 []


LaTeX Warning: `!h' float specifier changed to `!ht'.

<20140211.png, id=26, 426.75435pt x 284.5029pt>
File: 20140211.png Graphic file (type png)
 <use 20140211.png>
Overfull \hbox (36.75331pt too wide) in paragraph at lines 125--126
 [][] 
 []


LaTeX Warning: `!h' float specifier changed to `!ht'.

<20140212.png, id=27, 426.75435pt x 284.5029pt>
File: 20140212.png Graphic file (type png)
 <use 20140212.png>
Overfull \hbox (36.75331pt too wide) in paragraph at lines 131--132
 [][] 
 []


LaTeX Warning: `!h' float specifier changed to `!ht'.

<20140213.png, id=28, 426.75435pt x 284.5029pt>
File: 20140213.png Graphic file (type png)
 <use 20140213.png>
Overfull \hbox (36.75331pt too wide) in paragraph at lines 137--138
 [][] 
 []


LaTeX Warning: `!h' float specifier changed to `!ht'.

<20140214.png, id=29, 426.75435pt x 284.5029pt>
File: 20140214.png Graphic file (type png)
 <use 20140214.png>
Overfull \hbox (36.75331pt too wide) in paragraph at lines 143--144
 [][] 
 []


LaTeX Warning: `!h' float specifier changed to `!ht'.

<20140217.png, id=30, 426.75435pt x 284.5029pt>
File: 20140217.png Graphic file (type png)
 <use 20140217.png>
Overfull \hbox (36.75331pt too wide) in paragraph at lines 149--150
 [][] 
 []


LaTeX Warning: `!h' float specifier changed to `!ht'.

<20140218.png, id=31, 426.75435pt x 284.5029pt>
File: 20140218.png Graphic file (type png)
 <use 20140218.png>
Overfull \hbox (36.75331pt too wide) in paragraph at lines 155--156
 [][] 
 []


LaTeX Warning: `!h' float specifier changed to `!ht'.

<20140220.png, id=32, 426.75435pt x 284.5029pt>
File: 20140220.png Graphic file (type png)
 <use 20140220.png>
Overfull \hbox (36.75331pt too wide) in paragraph at lines 161--162
 [][] 
 []


LaTeX Warning: `!h' float specifier changed to `!ht'.

<20140221.png, id=33, 426.75435pt x 284.5029pt>
File: 20140221.png Graphic file (type png)
 <use 20140221.png>
Overfull \hbox (36.75331pt too wide) in paragraph at lines 167--168
 [][] 
 []


LaTeX Warning: `!h' float specifier changed to `!ht'.

<20140224.png, id=34, 426.75435pt x 284.5029pt>
File: 20140224.png Graphic file (type png)
 <use 20140224.png>
Overfull \hbox (36.75331pt too wide) in paragraph at lines 173--174
 [][] 
 []


LaTeX Warning: `!h' float specifier changed to `!ht'.

<20140225.png, id=35, 426.75435pt x 284.5029pt>
File: 20140225.png Graphic file (type png)
 <use 20140225.png>
Overfull \hbox (36.75331pt too wide) in paragraph at lines 179--180
 [][] 
 []


LaTeX Warning: `!h' float specifier changed to `!ht'.

<20140226.png, id=36, 426.75435pt x 284.5029pt>
File: 20140226.png Graphic file (type png)
 <use 20140226.png>
Overfull \hbox (36.75331pt too wide) in paragraph at lines 185--186
 [][] 
 []


LaTeX Warning: `!h' float specifier changed to `!ht'.

[3] [4 <./20140206.png (PNG copy)>] [5 <./20140207.png (PNG copy)>] [6 <./20140
211.png (PNG copy)>] [7 <./20140212.png (PNG copy)>] [8 <./20140213.png (PNG co
py)>] [9 <./20140214.png (PNG copy)>] [10 <./20140217.png (PNG copy)>] [11 <./2
0140218.png (PNG copy)>] [12 <./20140220.png (PNG copy)>] [13 <./20140221.png (
PNG copy)>] [14 <./20140224.png (PNG copy)>] [15 <./20140225.png (PNG copy)>]
[16 <./20140226.png (PNG copy)>]
(./some_simple_algorithms_for_detecting_anomalous_bright_pixels.aux) ) 
Here is how much of TeX's memory you used:
 1899 strings out of 495061
 23289 string characters out of 1182620
 83357 words of memory out of 3000000
 5079 multiletter control sequences out of 15000+50000
 10789 words of font info for 39 fonts, out of 3000000 for 9000
 28 hyphenation exceptions out of 8191
 27i,8n,20p,511b,206s stack positions out of 5000i,500n,10000p,200000b,50000s
</usr/sha
re/texmf-texlive/fonts/type1/public/amsfonts/cm/cmbx10.pfb></usr/share/texmf-te
xlive/fonts/type1/public/amsfonts/cm/cmbx12.pfb></usr/share/texmf-texlive/fonts
/type1/public/amsfonts/cm/cmex10.pfb></usr/share/texmf-texlive/fonts/type1/publ
ic/amsfonts/cm/cmmi12.pfb></usr/share/texmf-texlive/fonts/type1/public/amsfonts
/cm/cmmi8.pfb></usr/share/texmf-texlive/fonts/type1/public/amsfonts/cm/cmr10.pf
b></usr/share/texmf-texlive/fonts/type1/public/amsfonts/cm/cmr12.pfb></usr/shar
e/texmf-texlive/fonts/type1/public/amsfonts/cm/cmr17.pfb></usr/share/texmf-texl
ive/fonts/type1/public/amsfonts/cm/cmr8.pfb></usr/share/texmf-texlive/fonts/typ
e1/public/amsfonts/cm/cmsy10.pfb></usr/share/texmf-texlive/fonts/type1/public/a
msfonts/cm/cmsy8.pfb></usr/share/texmf-texlive/fonts/type1/public/amsfonts/cm/c
mti10.pfb></usr/share/texmf-texlive/fonts/type1/public/amsfonts/cm/cmti12.pfb><
/usr/share/texmf-texlive/fonts/type1/public/amsfonts/cm/cmtt12.pfb>
Output written on some_simple_algorithms_for_detecting_anomalous_bright_pixels.
pdf (16 pages, 2686129 bytes).
PDF statistics:
 126 PDF objects out of 1000 (max. 8388607)
 0 named destinations out of 1000 (max. 500000)
 71 words of extra memory for PDF output out of 10000 (max. 10000000)

